# JRE version: Java(TM) SE Runtime Environment (7.0_51-b13) (build 1.7.0_51-b13)
# Java VM: Java HotSpot(TM) 64-Bit Server VM (24.51-b03 mixed mode bsd-amd64 compressed oops)
Heap
 PSYoungGen      total 198656K, used 43601K [0x00000007eaa80000, 0x00000007f8500000, 0x0000000800000000)
  eden space 179712K, 23% used [0x00000007eaa80000,0x00000007ed47c4d0,0x00000007f5a00000)
  from space 18944K, 3% used [0x00000007f7280000,0x00000007f7318000,0x00000007f8500000)
  to   space 22016K, 0% used [0x00000007f5a00000,0x00000007f5a00000,0x00000007f6f80000)
 ParOldGen       total 123392K, used 45440K [0x00000007c0000000, 0x00000007c7880000, 0x00000007eaa80000)
  object space 123392K, 36% used [0x00000007c0000000,0x00000007c2c600d8,0x00000007c7880000)
 PSPermGen       total 35840K, used 17617K [0x00000007bae00000, 0x00000007bd100000, 0x00000007c0000000)
  object space 35840K, 49% used [0x00000007bae00000,0x00000007bbf34560,0x00000007bd100000)
GC Heap History (10 events):
Event: 10.907 GC heap before
{Heap before GC invocations=18 (full 4):
 PSYoungGen      total 144384K, used 121344K [0x00000007eaa80000, 0x00000007f6880000, 0x0000000800000000)
  eden space 121344K, 100% used [0x00000007eaa80000,0x00000007f2100000,0x00000007f2100000)
  from space 23040K, 0% used [0x00000007f2100000,0x00000007f2100000,0x00000007f3780000)
  to   space 23552K, 0% used [0x00000007f5180000,0x00000007f5180000,0x00000007f6880000)
 ParOldGen       total 123392K, used 20856K [0x00000007c0000000, 0x00000007c7880000, 0x00000007eaa80000)
  object space 123392K, 16% used [0x00000007c0000000,0x00000007c145e0b8,0x00000007c7880000)
 PSPermGen       total 35840K, used 17473K [0x00000007bae00000, 0x00000007bd100000, 0x00000007c0000000)
  object space 35840K, 48% used [0x00000007bae00000,0x00000007bbf106e8,0x00000007bd100000)
Event: 10.923 GC heap after
Heap after GC invocations=18 (full 4):
 PSYoungGen      total 171008K, used 12448K [0x00000007eaa80000, 0x00000007f6900000, 0x0000000800000000)
  eden space 147456K, 0% used [0x00000007eaa80000,0x00000007eaa80000,0x00000007f3a80000)
  from space 23552K, 52% used [0x00000007f5180000,0x00000007f5da8010,0x00000007f6880000)
  to   space 23552K, 0% used [0x00000007f3a80000,0x00000007f3a80000,0x00000007f5180000)
 ParOldGen       total 123392K, used 45432K [0x00000007c0000000, 0x00000007c7880000, 0x00000007eaa80000)
  object space 123392K, 36% used [0x00000007c0000000,0x00000007c2c5e0d8,0x00000007c7880000)
 PSPermGen       total 35840K, used 17473K [0x00000007bae00000, 0x00000007bd100000, 0x00000007c0000000)
  object space 35840K, 48% used [0x00000007bae00000,0x00000007bbf106e8,0x00000007bd100000)
}
Event: 29.866 GC heap before
{Heap before GC invocations=19 (full 4):
 PSYoungGen      total 171008K, used 159904K [0x00000007eaa80000, 0x00000007f6900000, 0x0000000800000000)
  eden space 147456K, 100% used [0x00000007eaa80000,0x00000007f3a80000,0x00000007f3a80000)
  from space 23552K, 52% used [0x00000007f5180000,0x00000007f5da8010,0x00000007f6880000)
  to   space 23552K, 0% used [0x00000007f3a80000,0x00000007f3a80000,0x00000007f5180000)
 ParOldGen       total 123392K, used 45432K [0x00000007c0000000, 0x00000007c7880000, 0x00000007eaa80000)
  object space 123392K, 36% used [0x00000007c0000000,0x00000007c2c5e0d8,0x00000007c7880000)
 PSPermGen       total 35840K, used 17529K [0x00000007bae00000, 0x00000007bd100000, 0x00000007c0000000)
  object space 35840K, 48% used [0x00000007bae00000,0x00000007bbf1e7f8,0x00000007bd100000)
Event: 29.869 GC heap after
Heap after GC invocations=19 (full 4):
 PSYoungGen      total 171008K, used 352K [0x00000007eaa80000, 0x00000007f8280000, 0x0000000800000000)
  eden space 147456K, 0% used [0x00000007eaa80000,0x00000007eaa80000,0x00000007f3a80000)
  from space 23552K, 1% used [0x00000007f3a80000,0x00000007f3ad8000,0x00000007f5180000)
  to   space 23552K, 0% used [0x00000007f6b80000,0x00000007f6b80000,0x00000007f8280000)
 ParOldGen       total 123392K, used 45432K [0x00000007c0000000, 0x00000007c7880000, 0x00000007eaa80000)
  object space 123392K, 36% used [0x00000007c0000000,0x00000007c2c5e0d8,0x00000007c7880000)
 PSPermGen       total 35840K, used 17529K [0x00000007bae00000, 0x00000007bd100000, 0x00000007c0000000)
  object space 35840K, 48% used [0x00000007bae00000,0x00000007bbf1e7f8,0x00000007bd100000)
}
Event: 69.969 GC heap before
{Heap before GC invocations=20 (full 4):
 PSYoungGen      total 171008K, used 147808K [0x00000007eaa80000, 0x00000007f8280000, 0x0000000800000000)
  eden space 147456K, 100% used [0x00000007eaa80000,0x00000007f3a80000,0x00000007f3a80000)
  from space 23552K, 1% used [0x00000007f3a80000,0x00000007f3ad8000,0x00000007f5180000)
  to   space 23552K, 0% used [0x00000007f6b80000,0x00000007f6b80000,0x00000007f8280000)
 ParOldGen       total 123392K, used 45432K [0x00000007c0000000, 0x00000007c7880000, 0x00000007eaa80000)
  object space 123392K, 36% used [0x00000007c0000000,0x00000007c2c5e0d8,0x00000007c7880000)
 PSPermGen       total 35840K, used 17598K [0x00000007bae00000, 0x00000007bd100000, 0x00000007c0000000)
  object space 35840K, 49% used [0x00000007bae00000,0x00000007bbf2f970,0x00000007bd100000)
Event: 69.975 GC heap after
Heap after GC invocations=20 (full 4):
 PSYoungGen      total 186368K, used 544K [0x00000007eaa80000, 0x00000007f7c80000, 0x0000000800000000)
  eden space 168960K, 0% used [0x00000007eaa80000,0x00000007eaa80000,0x00000007f4f80000)
  from space 17408K, 3% used [0x00000007f6b80000,0x00000007f6c08000,0x00000007f7c80000)
  to   space 23040K, 0% used [0x00000007f4f80000,0x00000007f4f80000,0x00000007f6600000)
 ParOldGen       total 123392K, used 45440K [0x00000007c0000000, 0x00000007c7880000, 0x00000007eaa80000)
  object space 123392K, 36% used [0x00000007c0000000,0x00000007c2c600d8,0x00000007c7880000)
 PSPermGen       total 35840K, used 17598K [0x00000007bae00000, 0x00000007bd100000, 0x00000007c0000000)
  object space 35840K, 49% used [0x00000007bae00000,0x00000007bbf2f970,0x00000007bd100000)
}
Event: 115.258 GC heap before
{Heap before GC invocations=21 (full 4):
 PSYoungGen      total 186368K, used 169504K [0x00000007eaa80000, 0x00000007f7c80000, 0x0000000800000000)
  eden space 168960K, 100% used [0x00000007eaa80000,0x00000007f4f80000,0x00000007f4f80000)
  from space 17408K, 3% used [0x00000007f6b80000,0x00000007f6c08000,0x00000007f7c80000)
  to   space 23040K, 0% used [0x00000007f4f80000,0x00000007f4f80000,0x00000007f6600000)
 ParOldGen       total 123392K, used 45440K [0x00000007c0000000, 0x00000007c7880000, 0x00000007eaa80000)
  object space 123392K, 36% used [0x00000007c0000000,0x00000007c2c600d8,0x00000007c7880000)
 PSPermGen       total 35840K, used 17607K [0x00000007bae00000, 0x00000007bd100000, 0x00000007c0000000)
  object space 35840K, 49% used [0x00000007bae00000,0x00000007bbf31f90,0x00000007bd100000)
Event: 115.261 GC heap after
Heap after GC invocations=21 (full 4):
 PSYoungGen      total 192000K, used 608K [0x00000007eaa80000, 0x00000007f8880000, 0x0000000800000000)
  eden space 168960K, 0% used [0x00000007eaa80000,0x00000007eaa80000,0x00000007f4f80000)
  from space 23040K, 2% used [0x00000007f4f80000,0x00000007f5018000,0x00000007f6600000)
  to   space 22528K, 0% used [0x00000007f7280000,0x00000007f7280000,0x00000007f8880000)
 ParOldGen       total 123392K, used 45440K [0x00000007c0000000, 0x00000007c7880000, 0x00000007eaa80000)
  object space 123392K, 36% used [0x00000007c0000000,0x00000007c2c600d8,0x00000007c7880000)
 PSPermGen       total 35840K, used 17607K [0x00000007bae00000, 0x00000007bd100000, 0x00000007c0000000)
  object space 35840K, 49% used [0x00000007bae00000,0x00000007bbf31f90,0x00000007bd100000)
}
Event: 161.101 GC heap before
{Heap before GC invocations=22 (full 4):
 PSYoungGen      total 192000K, used 169568K [0x00000007eaa80000, 0x00000007f8880000, 0x0000000800000000)
  eden space 168960K, 100% used [0x00000007eaa80000,0x00000007f4f80000,0x00000007f4f80000)
  from space 23040K, 2% used [0x00000007f4f80000,0x00000007f5018000,0x00000007f6600000)
  to   space 22528K, 0% used [0x00000007f7280000,0x00000007f7280000,0x00000007f8880000)
 ParOldGen       total 123392K, used 45440K [0x00000007c0000000, 0x00000007c7880000, 0x00000007eaa80000)
  object space 123392K, 36% used [0x00000007c0000000,0x00000007c2c600d8,0x00000007c7880000)
 PSPermGen       total 35840K, used 17610K [0x00000007bae00000, 0x00000007bd100000, 0x00000007c0000000)
  object space 35840K, 49% used [0x00000007bae00000,0x00000007bbf32b00,0x00000007bd100000)
Event: 161.105 GC heap after
Heap after GC invocations=22 (full 4):
 PSYoungGen      total 198656K, used 608K [0x00000007eaa80000, 0x00000007f8500000, 0x0000000800000000)
  eden space 179712K, 0% used [0x00000007eaa80000,0x00000007eaa80000,0x00000007f5a00000)
  from space 18944K, 3% used [0x00000007f7280000,0x00000007f7318000,0x00000007f8500000)
  to   space 22016K, 0% used [0x00000007f5a00000,0x00000007f5a00000,0x00000007f6f80000)
 ParOldGen       total 123392K, used 45440K [0x00000007c0000000, 0x00000007c7880000, 0x00000007eaa80000)
  object space 123392K, 36% used [0x00000007c0000000,0x00000007c2c600d8,0x00000007c7880000)
 PSPermGen       total 35840K, used 17610K [0x00000007bae00000, 0x00000007bd100000, 0x00000007c0000000)
  object space 35840K, 49% used [0x00000007bae00000,0x00000007bbf32b00,0x00000007bd100000)
}

